# JRE version: Java(TM) SE Runtime Environment (8.0_141-b15) (build 1.8.0_141-b15)
# Java VM: Java HotSpot(TM) Server VM (25.141-b15 mixed mode linux-x86 )
Heap:
 PSYoungGen      total 149504K, used 20324K [0x9d000000, 0xa7800000, 0xa7800000)
  eden space 127232K, 0% used [0x9d000000,0x9d000000,0xa4c40000)
  from space 22272K, 91% used [0xa61c0000,0xa75990a0,0xa7780000)
  to   space 22016K, 0% used [0xa4c40000,0xa4c40000,0xa61c0000)
 ParOldGen       total 235264K, used 232302K [0x88000000, 0x965c0000, 0x9d000000)
  object space 235264K, 98% used [0x88000000,0x962dbad8,0x965c0000)
 Metaspace       used 32640K, capacity 33229K, committed 33304K, reserved 34096K
GC Heap History (10 events):
Event: 59269,096 GC heap after
Heap after GC invocations=2141 (full 67):
 PSYoungGen      total 149248K, used 20380K [0x9d000000, 0xa7800000, 0xa7800000)
  eden space 126720K, 0% used [0x9d000000,0x9d000000,0xa4bc0000)
  from space 22528K, 90% used [0xa6180000,0xa75673f0,0xa7780000)
  to   space 22272K, 0% used [0xa4bc0000,0xa4bc0000,0xa6180000)
 ParOldGen       total 235264K, used 226831K [0x88000000, 0x965c0000, 0x9d000000)
  object space 235264K, 96% used [0x88000000,0x95d83cb8,0x965c0000)
 Metaspace       used 32640K, capacity 33229K, committed 33304K, reserved 34096K
}
Event: 59269,288 GC heap before
{Heap before GC invocations=2142 (full 67):
 PSYoungGen      total 149248K, used 147100K [0x9d000000, 0xa7800000, 0xa7800000)
  eden space 126720K, 100% used [0x9d000000,0xa4bc0000,0xa4bc0000)
  from space 22528K, 90% used [0xa6180000,0xa75673f0,0xa7780000)
  to   space 22272K, 0% used [0xa4bc0000,0xa4bc0000,0xa6180000)
 ParOldGen       total 235264K, used 226831K [0x88000000, 0x965c0000, 0x9d000000)
  object space 235264K, 96% used [0x88000000,0x95d83cb8,0x965c0000)
 Metaspace       used 32640K, capacity 33229K, committed 33304K, reserved 34096K
Event: 59269,322 GC heap after
Heap after GC invocations=2142 (full 67):
 PSYoungGen      total 148992K, used 21481K [0x9d000000, 0xa7800000, 0xa7800000)
  eden space 126720K, 0% used [0x9d000000,0x9d000000,0xa4bc0000)
  from space 22272K, 96% used [0xa4bc0000,0xa60ba6c8,0xa6180000)
  to   space 22528K, 0% used [0xa6200000,0xa6200000,0xa7800000)
 ParOldGen       total 235264K, used 228499K [0x88000000, 0x965c0000, 0x9d000000)
  object space 235264K, 97% used [0x88000000,0x95f24d98,0x965c0000)
 Metaspace       used 32640K, capacity 33229K, committed 33304K, reserved 34096K
}
Event: 59269,509 GC heap before
{Heap before GC invocations=2143 (full 67):
 PSYoungGen      total 148992K, used 148201K [0x9d000000, 0xa7800000, 0xa7800000)
  eden space 126720K, 100% used [0x9d000000,0xa4bc0000,0xa4bc0000)
  from space 22272K, 96% used [0xa4bc0000,0xa60ba6c8,0xa6180000)
  to   space 22528K, 0% used [0xa6200000,0xa6200000,0xa7800000)
 ParOldGen       total 235264K, used 228499K [0x88000000, 0x965c0000, 0x9d000000)
  object space 235264K, 97% used [0x88000000,0x95f24d98,0x965c0000)
 Metaspace       used 32640K, capacity 33229K, committed 33304K, reserved 34096K
Event: 59269,543 GC heap after
Heap after GC invocations=2143 (full 67):
 PSYoungGen      total 149504K, used 20210K [0x9d000000, 0xa7800000, 0xa7800000)
  eden space 126976K, 0% used [0x9d000000,0x9d000000,0xa4c00000)
  from space 22528K, 89% used [0xa6200000,0xa75bcab0,0xa7800000)
  to   space 22528K, 0% used [0xa4c00000,0xa4c00000,0xa6200000)
 ParOldGen       total 235264K, used 230240K [0x88000000, 0x965c0000, 0x9d000000)
  object space 235264K, 97% used [0x88000000,0x960d8388,0x965c0000)
 Metaspace       used 32640K, capacity 33229K, committed 33304K, reserved 34096K
}
Event: 59269,732 GC heap before
{Heap before GC invocations=2144 (full 67):
 PSYoungGen      total 149504K, used 147186K [0x9d000000, 0xa7800000, 0xa7800000)
  eden space 126976K, 100% used [0x9d000000,0xa4c00000,0xa4c00000)
  from space 22528K, 89% used [0xa6200000,0xa75bcab0,0xa7800000)
  to   space 22528K, 0% used [0xa4c00000,0xa4c00000,0xa6200000)
 ParOldGen       total 235264K, used 230240K [0x88000000, 0x965c0000, 0x9d000000)
  object space 235264K, 97% used [0x88000000,0x960d8388,0x965c0000)
 Metaspace       used 32640K, capacity 33229K, committed 33304K, reserved 34096K
Event: 59269,761 GC heap after
Heap after GC invocations=2144 (full 67):
 PSYoungGen      total 147712K, used 20517K [0x9d000000, 0xa7780000, 0xa7800000)
  eden space 126976K, 0% used [0x9d000000,0x9d000000,0xa4c00000)
  from space 20736K, 98% used [0xa4c00000,0xa6009710,0xa6040000)
  to   space 22272K, 0% used [0xa61c0000,0xa61c0000,0xa7780000)
 ParOldGen       total 235264K, used 230637K [0x88000000, 0x965c0000, 0x9d000000)
  object space 235264K, 98% used [0x88000000,0x9613b570,0x965c0000)
 Metaspace       used 32640K, capacity 33229K, committed 33304K, reserved 34096K
}
Event: 59269,949 GC heap before
{Heap before GC invocations=2145 (full 67):
 PSYoungGen      total 147712K, used 147252K [0x9d000000, 0xa7780000, 0xa7800000)
  eden space 126976K, 99% used [0x9d000000,0xa4bc3bc0,0xa4c00000)
  from space 20736K, 98% used [0xa4c00000,0xa6009710,0xa6040000)
  to   space 22272K, 0% used [0xa61c0000,0xa61c0000,0xa7780000)
 ParOldGen       total 235264K, used 230637K [0x88000000, 0x965c0000, 0x9d000000)
  object space 235264K, 98% used [0x88000000,0x9613b570,0x965c0000)
 Metaspace       used 32640K, capacity 33229K, committed 33304K, reserved 34096K
Event: 59269,980 GC heap after
Heap after GC invocations=2145 (full 67):
 PSYoungGen      total 149504K, used 20324K [0x9d000000, 0xa7800000, 0xa7800000)
  eden space 127232K, 0% used [0x9d000000,0x9d000000,0xa4c40000)
  from space 22272K, 91% used [0xa61c0000,0xa75990a0,0xa7780000)
  to   space 22016K, 0% used [0xa4c40000,0xa4c40000,0xa61c0000)
 ParOldGen       total 235264K, used 232302K [0x88000000, 0x965c0000, 0x9d000000)
  object space 235264K, 98% used [0x88000000,0x962dbad8,0x965c0000)
 Metaspace       used 32640K, capacity 33229K, committed 33304K, reserved 34096K
}
Event: 59269,980 GC heap before
{Heap before GC invocations=2146 (full 68):
 PSYoungGen      total 149504K, used 20324K [0x9d000000, 0xa7800000, 0xa7800000)
  eden space 127232K, 0% used [0x9d000000,0x9d000000,0xa4c40000)
  from space 22272K, 91% used [0xa61c0000,0xa75990a0,0xa7780000)
  to   space 22016K, 0% used [0xa4c40000,0xa4c40000,0xa61c0000)
 ParOldGen       total 235264K, used 232302K [0x88000000, 0x965c0000, 0x9d000000)
  object space 235264K, 98% used [0x88000000,0x962dbad8,0x965c0000)
 Metaspace       used 32640K, capacity 33229K, committed 33304K, reserved 34096K

