# JRE version: Java(TM) SE Runtime Environment (8.0_141-b15) (build 1.8.0_141-b15)
# Java VM: Java HotSpot(TM) Server VM (25.141-b15 mixed mode linux-x86 )
Heap:
 PSYoungGen      total 149504K, used 58137K [0x9d000000, 0xa7800000, 0xa7800000)
  eden space 126976K, 30% used [0x9d000000,0x9f56fbc0,0xa4c00000)
  from space 22528K, 87% used [0xa4c00000,0xa5f56b58,0xa6200000)
  to   space 22528K, 0% used [0xa6200000,0xa6200000,0xa7800000)
 ParOldGen       total 218624K, used 168325K [0x88000000, 0x95580000, 0x9d000000)
  object space 218624K, 76% used [0x88000000,0x92461628,0x95580000)
 Metaspace       used 32087K, capacity 32872K, committed 32920K, reserved 33072K
GC Heap History (10 events):
Event: 12888,799 GC heap before
{Heap before GC invocations=1673 (full 60):
 PSYoungGen      total 150272K, used 148974K [0x9d000000, 0xa7800000, 0xa7800000)
  eden space 128512K, 100% used [0x9d000000,0xa4d80000,0xa4d80000)
  from space 21760K, 94% used [0xa62c0000,0xa76bb888,0xa7800000)
  to   space 21760K, 0% used [0xa4d80000,0xa4d80000,0xa62c0000)
 ParOldGen       total 218624K, used 159468K [0x88000000, 0x95580000, 0x9d000000)
  object space 218624K, 72% used [0x88000000,0x91bbb140,0x95580000)
 Metaspace       used 31875K, capacity 32626K, committed 32792K, reserved 33072K
Event: 12888,848 GC heap after
Heap after GC invocations=1673 (full 60):
 PSYoungGen      total 150272K, used 21562K [0x9d000000, 0xa7800000, 0xa7800000)
  eden space 128512K, 0% used [0x9d000000,0x9d000000,0xa4d80000)
  from space 21760K, 99% used [0xa4d80000,0xa628e9c8,0xa62c0000)
  to   space 21760K, 0% used [0xa62c0000,0xa62c0000,0xa7800000)
 ParOldGen       total 218624K, used 162246K [0x88000000, 0x95580000, 0x9d000000)
  object space 218624K, 74% used [0x88000000,0x91e71930,0x95580000)
 Metaspace       used 31875K, capacity 32626K, committed 32792K, reserved 33072K
}
Event: 12889,685 GC heap before
{Heap before GC invocations=1674 (full 60):
 PSYoungGen      total 150272K, used 150074K [0x9d000000, 0xa7800000, 0xa7800000)
  eden space 128512K, 100% used [0x9d000000,0xa4d80000,0xa4d80000)
  from space 21760K, 99% used [0xa4d80000,0xa628e9c8,0xa62c0000)
  to   space 21760K, 0% used [0xa62c0000,0xa62c0000,0xa7800000)
 ParOldGen       total 218624K, used 162246K [0x88000000, 0x95580000, 0x9d000000)
  object space 218624K, 74% used [0x88000000,0x91e71930,0x95580000)
 Metaspace       used 31875K, capacity 32626K, committed 32792K, reserved 33072K
Event: 12889,704 GC heap after
Heap after GC invocations=1674 (full 60):
 PSYoungGen      total 149760K, used 20364K [0x9d000000, 0xa7800000, 0xa7800000)
  eden space 128000K, 0% used [0x9d000000,0x9d000000,0xa4d00000)
  from space 21760K, 93% used [0xa62c0000,0xa76a3258,0xa7800000)
  to   space 22016K, 0% used [0xa4d00000,0xa4d00000,0xa6280000)
 ParOldGen       total 218624K, used 165268K [0x88000000, 0x95580000, 0x9d000000)
  object space 218624K, 75% used [0x88000000,0x92165170,0x95580000)
 Metaspace       used 31875K, capacity 32626K, committed 32792K, reserved 33072K
}
Event: 12890,758 GC heap before
{Heap before GC invocations=1675 (full 60):
 PSYoungGen      total 149760K, used 148364K [0x9d000000, 0xa7800000, 0xa7800000)
  eden space 128000K, 100% used [0x9d000000,0xa4d00000,0xa4d00000)
  from space 21760K, 93% used [0xa62c0000,0xa76a3258,0xa7800000)
  to   space 22016K, 0% used [0xa4d00000,0xa4d00000,0xa6280000)
 ParOldGen       total 218624K, used 165268K [0x88000000, 0x95580000, 0x9d000000)
  object space 218624K, 75% used [0x88000000,0x92165170,0x95580000)
 Metaspace       used 31884K, capacity 32626K, committed 32792K, reserved 33072K
Event: 12890,806 GC heap after
Heap after GC invocations=1675 (full 60):
 PSYoungGen      total 150016K, used 20359K [0x9d000000, 0xa77c0000, 0xa7800000)
  eden space 128000K, 0% used [0x9d000000,0x9d000000,0xa4d00000)
  from space 22016K, 92% used [0xa4d00000,0xa60e1f98,0xa6280000)
  to   space 21760K, 0% used [0xa6280000,0xa6280000,0xa77c0000)
 ParOldGen       total 218624K, used 166507K [0x88000000, 0x95580000, 0x9d000000)
  object space 218624K, 76% used [0x88000000,0x9229ade8,0x95580000)
 Metaspace       used 31884K, capacity 32626K, committed 32792K, reserved 33072K
}
Event: 12953,857 GC heap before
{Heap before GC invocations=1676 (full 60):
 PSYoungGen      total 150016K, used 148359K [0x9d000000, 0xa77c0000, 0xa7800000)
  eden space 128000K, 100% used [0x9d000000,0xa4d00000,0xa4d00000)
  from space 22016K, 92% used [0xa4d00000,0xa60e1f98,0xa6280000)
  to   space 21760K, 0% used [0xa6280000,0xa6280000,0xa77c0000)
 ParOldGen       total 218624K, used 166507K [0x88000000, 0x95580000, 0x9d000000)
  object space 218624K, 76% used [0x88000000,0x9229ade8,0x95580000)
 Metaspace       used 32077K, capacity 32872K, committed 32920K, reserved 33072K
Event: 12953,914 GC heap after
Heap after GC invocations=1676 (full 60):
 PSYoungGen      total 148736K, used 15530K [0x9d000000, 0xa7800000, 0xa7800000)
  eden space 126976K, 0% used [0x9d000000,0x9d000000,0xa4c00000)
  from space 21760K, 71% used [0xa6280000,0xa71aab20,0xa77c0000)
  to   space 22528K, 0% used [0xa4c00000,0xa4c00000,0xa6200000)
 ParOldGen       total 218624K, used 166771K [0x88000000, 0x95580000, 0x9d000000)
  object space 218624K, 76% used [0x88000000,0x922dcde8,0x95580000)
 Metaspace       used 32077K, capacity 32872K, committed 32920K, reserved 33072K
}
Event: 13010,391 GC heap before
{Heap before GC invocations=1677 (full 60):
 PSYoungGen      total 148736K, used 142506K [0x9d000000, 0xa7800000, 0xa7800000)
  eden space 126976K, 100% used [0x9d000000,0xa4c00000,0xa4c00000)
  from space 21760K, 71% used [0xa6280000,0xa71aab20,0xa77c0000)
  to   space 22528K, 0% used [0xa4c00000,0xa4c00000,0xa6200000)
 ParOldGen       total 218624K, used 166771K [0x88000000, 0x95580000, 0x9d000000)
  object space 218624K, 76% used [0x88000000,0x922dcde8,0x95580000)
 Metaspace       used 32078K, capacity 32872K, committed 32920K, reserved 33072K
Event: 13013,124 GC heap after
Heap after GC invocations=1677 (full 60):
 PSYoungGen      total 149504K, used 19802K [0x9d000000, 0xa7800000, 0xa7800000)
  eden space 126976K, 0% used [0x9d000000,0x9d000000,0xa4c00000)
  from space 22528K, 87% used [0xa4c00000,0xa5f56b58,0xa6200000)
  to   space 22528K, 0% used [0xa6200000,0xa6200000,0xa7800000)
 ParOldGen       total 218624K, used 168325K [0x88000000, 0x95580000, 0x9d000000)
  object space 218624K, 76% used [0x88000000,0x92461628,0x95580000)
 Metaspace       used 32078K, capacity 32872K, committed 32920K, reserved 33072K
}

